Ash 13.7931
Aspen 3.4483
Basswood 3.4483
Beech 3.4483
Black Walnut 3.4483
Cherry 3.4483
Cottonwood 3.4483
Cypress 3.4483
Gum 3.4483
Hackberry 3.4483
Hard Maple 3.4483
Hickory 3.4483
Pecan 3.4483
Poplan 3.4483
Red Alder 3.4483
Red Elm 3.4483
Red Oak 6.8966
Sassafras 3.4483
Soft Maple 3.4483
Sycamore 3.4483
White Oak 10.3448
Willow 3.4483
Yellow Birch 3.4483

Ash 14.2857
Beech 14.2857
Cypress 10.7143
Hickory 10.7143
Red Elm 10.7143
Soft Maple 3.5714
Willow 35.7143

Coast Redwood 14.1700
Douglas-fir 20.6478
Giant Sequoia 14.9798
Lodgepole Pine 19.0283
Ponderosa Pine 31.1741